<?xml version="1.0" encoding="UTF-8"?>
<testsuite xmlns:xsi="http://www.w3.org/2001/XMLSchema-instance" xsi:noNamespaceSchemaLocation="https://maven.apache.org/surefire/maven-surefire-plugin/xsd/surefire-test-report.xsd" version="3.0.2" name="br.com.meugrupo.meuapp.MeuappApplicationTests" time="1.509" tests="1" errors="0" skipped="0" failures="0" flakes="0">
  <properties>
[...]
</properties>
  <testcase name="contextLoads" classname="br.com.meugrupo.meuapp.MeuappApplicationTests" time="0.37">
    <system-out><![CDATA[22:02:58.884 [main] INFO org.springframework.test.context.support.AnnotationConfigContextLoaderUtils -- Could not detect default configuration classes for test class [br.com.meugrupo.meuapp.MeuappApplicationTests]: MeuappApplicationTests does not declare any static, non-private, non-final, nested classes annotated with @Configuration.
22:02:58.993 [main] INFO org.springframework.boot.test.context.SpringBootTestContextBootstrapper -- Found @SpringBootConfiguration br.com.meugrupo.meuapp.MeuappApplication for test class br.com.meugrupo.meuapp.MeuappApplicationTests
22:02:59.050 [main] INFO org.springframework.test.context.support.AnnotationConfigContextLoaderUtils -- Could not detect default configuration classes for test class [br.com.meugrupo.meuapp.MeuappApplicationTests]: MeuappApplicationTests does not declare any static, non-private, non-final, nested classes annotated with @Configuration.
22:02:59.052 [main] INFO org.springframework.boot.test.context.SpringBootTestContextBootstrapper -- Found @SpringBootConfiguration br.com.meugrupo.meuapp.MeuappApplication for test class br.com.meugrupo.meuapp.MeuappApplicationTests

  .   ____          _            __ _ _
 /\\ / ___'_ __ _ _(_)_ __  __ _ \ \ \ \
( ( )\___ | '_ | '_| | '_ \/ _` | \ \ \ \
 \\/  ___)| |_)| | | | | || (_| |  ) ) ) )
  '  |____| .__|_| |_|_| |_\__, | / / / /
 =========|_|==============|___/=/_/_/_/

 :: Spring Boot ::                (v4.1.1)

2026-08-26T22:02:59.258-03:00  INFO 9316 --- [meuapp] [           main] b.c.m.meuapp.MeuappApplicationTests      : Starting MeuappApplicationTests using Java 26.0.2.1 with PID 9316 (started by 00124894 in C:\Users\00124894\Downloads\meuapp\meuapp)
2026-08-26T22:02:59.259-03:00  INFO 9316 --- [meuapp] [           main] b.c.m.meuapp.MeuappApplicationTests      : No active profile set, falling back to 1 default profile: "default"
2026-08-26T22:02:59.898-03:00  INFO 9316 --- [meuapp] [           main] b.c.m.meuapp.MeuappApplicationTests      : Started MeuappApplicationTests in 0.812 seconds (process running for 1.764)
]]></system-out>
    <system-err><![CDATA[Mockito is currently self-attaching to enable the inline-mock-maker. This will no longer work in future releases of the JDK. Please add Mockito as an agent to your build as described in Mockito's documentation: https://javadoc.io/doc/org.mockito/mockito-core/latest/org.mockito/org/mockito/Mockito.html#0.3
WARNING: A Java agent has been loaded dynamically (C:\Users\00124894\.m2\repository\net\bytebuddy\byte-buddy-agent\1.18.11\byte-buddy-agent-1.18.11.jar)
WARNING: If a serviceability tool is in use, please run with -XX:+EnableDynamicAgentLoading to hide this warning
WARNING: If a serviceability tool is not in use, please run with -Djdk.instrument.traceUsage for more information
WARNING: Dynamic loading of agents will be disallowed by default in a future release
]]></system-err>
  </testcase>
</testsuite>